Start testing: Jan 17 11:04 EST
----------------------------------------------------------
1/1 Testing: kernel_reduction
1/1 Test: kernel_reduction
Command: "/home/isaki001/numint/gpuintegration/vegas/test_build/tests/kernel_reduction"
Directory: /home/isaki001/numint/gpuintegration/vegas/test_build/tests
"kernel_reduction" start time: Jan 17 11:04 EST
Output:
----------------------------------------------------------
===============================================================================
All tests passed (2 assertions in 1 test case)

<end of output>
Test time =   0.99 sec
----------------------------------------------------------
Test Passed.
"kernel_reduction" end time: Jan 17 11:04 EST
"kernel_reduction" time elapsed: 00:00:00
----------------------------------------------------------

End testing: Jan 17 11:04 EST
