Start testing: Oct 08 06:47 EDT
----------------------------------------------------------
1/16 Testing: test_Volume
1/16 Test: test_Volume
Command: "/home/isaki001/numint/gpuintegration/cudaPagani/new_build/quad/util/test_Volume"
Directory: /home/isaki001/numint/gpuintegration/cudaPagani/new_build/quad/util
"test_Volume" start time: Oct 08 06:47 EDT
Output:
----------------------------------------------------------
===============================================================================
All tests passed (12 assertions in 2 test cases)

<end of output>
Test time =   0.10 sec
----------------------------------------------------------
Test Passed.
"test_Volume" end time: Oct 08 06:47 EDT
"test_Volume" time elapsed: 00:00:00
----------------------------------------------------------

2/16 Testing: CuhrePointsEvaluation
2/16 Test: CuhrePointsEvaluation
Command: "/home/isaki001/numint/gpuintegration/cudaPagani/new_build/tests/CuhrePointsEvaluation"
Directory: /home/isaki001/numint/gpuintegration/cudaPagani/new_build/tests
"CuhrePointsEvaluation" start time: Oct 08 06:47 EDT
Output:
----------------------------------------------------------
77
0.0292969
0.00129178
0.057302
0.0199618
0.0386319
0.0236959
0.0348979
0.0174007
0.0411931
0.0253315
0.0332623
0.0269176
0.0316761
0.00306871
0.055525
0.0205542
0.0380396
0.0240512
0.0345425
0.0219727
0.0366211
0.0268555
0.0317383
0.027832
0.0307617
0.000880171
0.0390435
0.00170338
0.0755604
0.00104481
0.0463469
0.00153874
0.068257
0.0161455
0.0312462
0.0237782
0.0460176
0.00111693
0.049546
0.00146662
0.0650579
0.0118562
0.0280675
0.0229451
0.0543187
0.00118687
0.0526484
0.00139668
0.0619555
0.0183407
0.0354946
0.021583
0.0417693
0.014074
0.0333177
0.0207274
0.0490684
0.0204886
0.0269031
0.0301744
0.0396214
0.000711899
0.0315791
0.00137773
0.0611147
0.00104844
0.0465079
0.00202904
0.0900062
0.00612035
0.0328722
0.00974971
0.0523653
0.00806708
0.043328
0.0128508
0.0690214
====
===============================================================================
test cases: 1 | 1 passed
assertions: - none -

<end of output>
Test time =   0.47 sec
----------------------------------------------------------
Test Passed.
"CuhrePointsEvaluation" end time: Oct 08 06:47 EDT
"CuhrePointsEvaluation" time elapsed: 00:00:00
----------------------------------------------------------

3/16 Testing: cudaUnifiedArray
3/16 Test: cudaUnifiedArray
Command: "/home/isaki001/numint/gpuintegration/cudaPagani/new_build/tests/cudaUnifiedArray"
Directory: /home/isaki001/numint/gpuintegration/cudaPagani/new_build/tests
"cudaUnifiedArray" start time: Oct 08 06:47 EDT
Output:
----------------------------------------------------------
default constructor called from host side
===============================================================================
All tests passed (3 assertions in 1 test case)

<end of output>
Test time =   0.43 sec
----------------------------------------------------------
Test Passed.
"cudaUnifiedArray" end time: Oct 08 06:47 EDT
"cudaUnifiedArray" time elapsed: 00:00:00
----------------------------------------------------------

4/16 Testing: test_cpu_vs_gpu
4/16 Test: test_cpu_vs_gpu
Command: "/home/isaki001/numint/gpuintegration/cudaPagani/new_build/tests/test_cpu_vs_gpu"
Directory: /home/isaki001/numint/gpuintegration/cudaPagani/new_build/tests
"test_cpu_vs_gpu" start time: Oct 08 06:47 EDT
Output:
----------------------------------------------------------
In executable
===============================================================================
All tests passed (10 assertions in 1 test case)

<end of output>
Test time =   0.41 sec
----------------------------------------------------------
Test Passed.
"test_cpu_vs_gpu" end time: Oct 08 06:47 EDT
"test_cpu_vs_gpu" time elapsed: 00:00:00
----------------------------------------------------------

5/16 Testing: hello
5/16 Test: hello
Command: "/home/isaki001/numint/gpuintegration/cudaPagani/new_build/tests/hello"
Directory: /home/isaki001/numint/gpuintegration/cudaPagani/new_build/tests
"hello" start time: Oct 08 06:47 EDT
Output:
----------------------------------------------------------
Before calling the kernel
Hello World from GPU!
After calling the kernel
<end of output>
Test time =   0.36 sec
----------------------------------------------------------
Test Passed.
"hello" end time: Oct 08 06:47 EDT
"hello" time elapsed: 00:00:00
----------------------------------------------------------

6/16 Testing: test_integration_from_c
6/16 Test: test_integration_from_c
Command: "/home/isaki001/numint/gpuintegration/cudaPagani/new_build/tests/test_integration_from_c"
Directory: /home/isaki001/numint/gpuintegration/cudaPagani/new_build/tests
"test_integration_from_c" start time: Oct 08 06:47 EDT
Output:
----------------------------------------------------------
0, 0.250000000000000, 0.000000000000000, 0.250000000000000, 0.000000000000000 numRegions:16
1, 0.250000000000000, 0.000000000000000, 0.250000000000000, 0.000000000000000 numRegions:32
Status: 0   result: 0.250000
<end of output>
Test time =   0.40 sec
----------------------------------------------------------
Test Passed.
"test_integration_from_c" end time: Oct 08 06:47 EDT
"test_integration_from_c" time elapsed: 00:00:00
----------------------------------------------------------

7/16 Testing: StatefullIntegrand
7/16 Test: StatefullIntegrand
Command: "/home/isaki001/numint/gpuintegration/cudaPagani/new_build/tests/StatefullIntegrand"
Directory: /home/isaki001/numint/gpuintegration/cudaPagani/new_build/tests
"StatefullIntegrand" start time: Oct 08 06:47 EDT
Output:
----------------------------------------------------------
===============================================================================
All tests passed (4 assertions in 2 test cases)

<end of output>
Test time =   0.45 sec
----------------------------------------------------------
Test Passed.
"StatefullIntegrand" end time: Oct 08 06:47 EDT
"StatefullIntegrand" time elapsed: 00:00:00
----------------------------------------------------------

8/16 Testing: test_cuhre_convergence
8/16 Test: test_cuhre_convergence
Command: "/home/isaki001/numint/gpuintegration/cudaPagani/new_build/tests/test_cuhre_convergence"
Directory: /home/isaki001/numint/gpuintegration/cudaPagani/new_build/tests
"test_cuhre_convergence" start time: Oct 08 06:47 EDT
Output:
----------------------------------------------------------
About to call alg.integrate
0, 1.000023743381687, 0.000605763722753, 1.000023743381687, 0.000605763722753 numRegions:64
1, 1.000009324756457, 0.000252813973425, 1.000009324756457, 0.000252813973425 numRegions:128
1.000009,	0.000253,	128,	0,	
About to call alg.integrate
0, 1.000023743381687, 0.000605763722753, 1.000023743381687, 0.000605763722753 numRegions:64
1, 1.000009324756457, 0.000252813973425, 1.000009324756457, 0.000252813973425 numRegions:128
1.000009,	0.000253,	128,	0,	
About to call alg.integrate
0, 1.000023743381687, 0.000605763722753, 1.000023743381687, 0.000605763722753 numRegions:64
1, 1.000009324756457, 0.000252813973425, 1.000009324756457, 0.000252813973425 numRegions:128
2, 1.000003798323370, 0.000116648039944, 0.198806988219872, 0.000107427154820 numRegions:58
1.000004,	0.000117,	157,	0,	
About to call alg.integrate
0, 1.000023743381687, 0.000605763722753, 1.000023743381687, 0.000605763722753 numRegions:64
1, 1.000009324756457, 0.000252813973425, 1.000009324756457, 0.000252813973425 numRegions:128
2, 1.000003720225317, 0.000112411742185, 0.228566114534929, 0.000108805782558 numRegions:64
1.000004,	0.000112,	160,	0,	
About to call alg.integrate
0, 1.000023743381687, 0.000605763722753, 1.000023743381687, 0.000605763722753 numRegions:64
1, 1.000009324756457, 0.000252813973425, 1.000009324756457, 0.000252813973425 numRegions:128
2, 1.000003720270068, 0.000111811198676, 0.235777463008763, 0.000108805835349 numRegions:68
3, 1.000001502663371, 0.000054697905720, 0.113026726880968, 0.000050416908525 numRegions:66
1.000002,	0.000055,	195,	0,	
About to call alg.integrate
0, 1.000023743381687, 0.000605763722753, 1.000023743381687, 0.000605763722753 numRegions:64
1, 1.000009324756457, 0.000252813973425, 1.000009324756457, 0.000252813973425 numRegions:128
2, 1.000003720311414, 0.000111195475997, 0.250357997453685, 0.000108805884536 numRegions:74
3, 1.000001502732212, 0.000053824405349, 0.117944173340296, 0.000050416939208 numRegions:72
4, 1.000000614879514, 0.000028457250428, 0.054724195172030, 0.000024558194209 numRegions:70
1.000001,	0.000028,	236,	0,	
About to call alg.integrate
0, 1.000023743381687, 0.000605763722753, 1.000023743381687, 0.000605763722753 numRegions:64
1, 1.000009324756457, 0.000252813973425, 1.000009324756457, 0.000252813973425 numRegions:128
2, 1.000003720371470, 0.000110105838369, 0.294567740671092, 0.000108805957532 numRegions:88
3, 1.000001502844714, 0.000052245268680, 0.140604919355691, 0.000050458531919 numRegions:86
4, 1.000000612858532, 0.000026555853890, 0.068330935696335, 0.000024573336156 numRegions:84
5, 1.000000481598380, 0.000009952063773, 0.029490050331627, 0.000007852148864 numRegions:76
1.000000,	0.000010,	295,	0,	
About to call alg.integrate
0, 1.000023743381687, 0.000605763722753, 1.000023743381687, 0.000605763722753 numRegions:64
1, 1.000009324756457, 0.000252813973425, 1.000009324756457, 0.000252813973425 numRegions:128
2, 1.000003720410153, 0.000109230814931, 0.373971047206097, 0.000108806006485 numRegions:108
3, 1.000001502903173, 0.000051165634220, 0.164950608384112, 0.000050513933631 numRegions:100
4, 1.000000612926529, 0.000025337105077, 0.077722524178255, 0.000024573348520 numRegions:98
5, 1.000000480449833, 0.000008671549258, 0.035724336037932, 0.000007858688173 numRegions:88
6, 1.000000201977598, 0.000004505054298, 0.018069385543859, 0.000003673125078 numRegions:88
1.000000,	0.000005,	369,	0,	
About to call alg.integrate
0, 1.000023743381687, 0.000605763722753, 1.000023743381687, 0.000605763722753 numRegions:64
1, 1.000009324756457, 0.000252813973425, 1.000009324756457, 0.000252813973425 numRegions:128
2, 1.000003720414322, 0.000108936079498, 0.425077302869297, 0.000108806015028 numRegions:118
3, 1.000001502911678, 0.000050804914886, 0.196329122012885, 0.000050610852624 numRegions:114
4, 1.000000612941569, 0.000024828466765, 0.091137985576280, 0.000024573356846 numRegions:114
5, 1.000000480470913, 0.000008135422355, 0.040279679980983, 0.000007858694865 numRegions:98
6, 1.000000201421673, 0.000003958884279, 0.019748638845093, 0.000003673745442 numRegions:96
7, 1.000000086391037, 0.000001953153186, 0.012394512259654, 0.000001658373543 numRegions:124
1.000000,	0.000002,	460,	0,	
About to call alg.integrate
0, 1.000023743381687, 0.000605763722753, 1.000023743381687, 0.000605763722753 numRegions:64
1, 1.000009324756457, 0.000252813973425, 1.000009324756457, 0.000252813973425 numRegions:128
2, 1.000003720415508, 0.000108829233824, 0.459936949182870, 0.000108806017522 numRegions:126
3, 1.000001502912483, 0.000050681520897, 0.213538938030184, 0.000050638542397 numRegions:122
4, 1.000000612943245, 0.000024633087358, 0.109112406035072, 0.000024573360594 numRegions:132
5, 1.000000480473414, 0.000007927830729, 0.044717019608598, 0.000007858696595 numRegions:108
6, 1.000000201254886, 0.000003747042132, 0.021089670510910, 0.000003673927342 numRegions:104
7, 1.000000085713450, 0.000001735713153, 0.014713999528376, 0.000001658933727 numRegions:144
1.000000,	0.000002,	496,	0,	
===============================================================================
All tests passed (30 assertions in 1 test case)

<end of output>
Test time =   0.49 sec
----------------------------------------------------------
Test Passed.
"test_cuhre_convergence" end time: Oct 08 06:47 EDT
"test_cuhre_convergence" time elapsed: 00:00:00
----------------------------------------------------------

9/16 Testing: BoxIntegrals
9/16 Test: BoxIntegrals
Command: "/home/isaki001/numint/gpuintegration/cudaPagani/new_build/tests/BoxIntegrals"
Directory: /home/isaki001/numint/gpuintegration/cudaPagani/new_build/tests
"BoxIntegrals" start time: Oct 08 06:47 EDT
Output:
----------------------------------------------------------
0, 8879.824115586663538, 0.005223292578185, 8879.824115586663538, 0.005223292578185 numRegions:256
1, 8879.834992518732179, 0.020175436392694, 8879.834992518732179, 0.020175436392694 numRegions:512
0, 14992351.472005452960730, 621.204042973733408, 14992351.472005452960730, 621.204042973733408 numRegions:256
1, 14993740.699801392853260, 1520.757885335747233, 14993740.699801392853260, 1520.757885335747233 numRegions:512
0, 1495233.723099735099822, 17.064029202988671, 1495233.723099735099822, 17.064029202988671 numRegions:256
1, 1495286.387049776967615, 56.253949937457477, 1495286.387049776967615, 56.253949937457477 numRegions:512
===============================================================================
All tests passed (3 assertions in 3 test cases)

<end of output>
Test time =   0.48 sec
----------------------------------------------------------
Test Passed.
"BoxIntegrals" end time: Oct 08 06:47 EDT
"BoxIntegrals" time elapsed: 00:00:00
----------------------------------------------------------

10/16 Testing: NanIntegral
10/16 Test: NanIntegral
Command: "/home/isaki001/numint/gpuintegration/cudaPagani/new_build/tests/NanIntegral"
Directory: /home/isaki001/numint/gpuintegration/cudaPagani/new_build/tests
"NanIntegral" start time: Oct 08 06:47 EDT
Output:
----------------------------------------------------------
0, nan, 0.000000000000000, nan, 0.000000000000000 numRegions:16
===============================================================================
All tests passed (1 assertion in 1 test case)

<end of output>
Test time =   0.47 sec
----------------------------------------------------------
Test Passed.
"NanIntegral" end time: Oct 08 06:47 EDT
"NanIntegral" time elapsed: 00:00:00
----------------------------------------------------------

11/16 Testing: test_volume
11/16 Test: test_volume
Command: "/home/isaki001/numint/gpuintegration/cudaPagani/new_build/tests/test_volume"
Directory: /home/isaki001/numint/gpuintegration/cudaPagani/new_build/tests
"test_volume" start time: Oct 08 06:47 EDT
Output:
----------------------------------------------------------
0, 24651.275548312318278, 36636.704335607078974, 24651.275548312318278, 36636.704335607078974 numRegions:16
1, 23319.195258317347907, 16317.227425527564264, 23319.195258317347907, 16317.227425527564264 numRegions:32
2, 23180.183227969118889, 13021.664364487920466, 23180.183227969118889, 13021.664364487920466 numRegions:64
3, 23392.343283090875047, 5842.932077844577179, 23388.811408702669723, 5842.932077740729255 numRegions:120
4, 23443.466279733107513, 5735.685574145086321, 23413.644809961981082, 5735.685573376429602 numRegions:176
5, 23433.564502616722166, 2342.896443005238325, 23314.527408111800469, 2342.896440452556817 numRegions:232
6, 23434.024709999230254, 846.998144274215747, 22704.563788029332500, 846.998119499931136 numRegions:224
7, 23434.047894557406835, 29.437523095388539, 21638.842880439533474, 29.437468112441817 numRegions:224
8, 23434.026218621947919, 0.548895277986665, 18681.151611586599756, 0.548756236281583 numRegions:144
9, 23434.026423308838275, 0.896880599609483, 14949.941221196806509, 0.896552754905430 numRegions:112
10, 23434.026450652250787, 0.000762630498972, 6380.837947238045672, 0.000035177086419 numRegions:80
0, 24651.275548312318278, 36636.704335607078974, 24651.275548312318278, 36636.704335607078974 numRegions:16
1, 23319.195258317347907, 16317.227425527564264, 23319.195258317347907, 16317.227425527564264 numRegions:32
2, 23180.183227969118889, 13021.664364487920466, 23180.183227969118889, 13021.664364487920466 numRegions:64
3, 23392.343283090875047, 5842.932077844577179, 23388.811408702669723, 5842.932077740729255 numRegions:120
4, 23443.466279733107513, 5735.685574145086321, 23413.644809961981082, 5735.685573376429602 numRegions:176
5, 23433.564502616722166, 2342.896443005238325, 23314.527408111800469, 2342.896440452556817 numRegions:232
6, 23434.024709999230254, 846.998144274215747, 22704.563788029332500, 846.998119499931136 numRegions:224
7, 23434.047894557406835, 29.437523095388539, 21638.842880439533474, 29.437468112441817 numRegions:224
8, 23434.026218621947919, 0.548895277986665, 18681.151611586599756, 0.548756236281583 numRegions:144
9, 23434.026423308838275, 0.896880599609483, 14949.941221196806509, 0.896552754905430 numRegions:112
10, 23434.026450652250787, 0.000762630498972, 6380.837947238045672, 0.000035177086419 numRegions:80
0, 5794.951758698402955, 3227.651222944296478, 5794.951758698402955, 3227.651222944296478 numRegions:16
1, 5848.062641002048622, 1486.220316451592680, 5848.062641002048622, 1486.220316451592680 numRegions:32
2, 5860.867240406852943, 1433.944835079973473, 5853.411872965851217, 1433.944834910346117 numRegions:44
3, 5858.391125652402479, 585.724739558809802, 5828.631852027952846, 585.724738943176476 numRegions:58
4, 5858.506177620365634, 211.749535786422655, 5721.042788659171492, 211.749532221181028 numRegions:60
5, 5858.511973759910688, 7.359380491712752, 5409.710720109886097, 7.359367028110395 numRegions:56
6, 5858.506554776045959, 0.137223537362605, 4670.287902896652668, 0.137189059070592 numRegions:36
7, 5858.506605947768549, 0.224219867767745, 3737.485305299203901, 0.224138188726116 numRegions:28
8, 5858.506612783623495, 0.000190375490374, 1595.209486809511873, 0.000008794271621 numRegions:20
0, 11182.620571094463230, 11350.633589836423198, 11182.620571094463230, 11350.633589836423198 numRegions:16
1, 11496.069127630171351, 6169.241803516411892, 11496.069127630171351, 6169.241803516411892 numRegions:32
2, 11476.964824952627168, 1504.571003622906119, 11474.580307987422202, 1504.571003542732342 numRegions:56
3, 11560.399076284093098, 950.146843756493695, 11536.970013770162041, 950.146842799055435 numRegions:78
4, 11563.589877294127291, 278.747464419776577, 11470.284735740788165, 278.747460405737968 numRegions:106
5, 11563.931882578592194, 257.216397245880387, 11202.425017866482449, 257.216382791065428 numRegions:114
6, 11564.500111661291157, 17.629373652804713, 10468.624119243697351, 17.629333775166184 numRegions:104
7, 11564.500514956000188, 0.967168745069830, 8939.474752799658745, 0.967077797207853 numRegions:76
8, 11564.500538982054422, 0.165625917555873, 6621.828452379586452, 0.165456644079381 numRegions:48
9, 11564.500551333563635, 0.004305900816990, 2034.685229003898712, 0.004049697889607 numRegions:20
10, 11564.500551333534531, 0.000269757876703, 38.620590464732174, 0.000000001139221 numRegions:2
0, 27.013612510436381, 0.000795122869491, 27.013612510436381, 0.000795122869491 numRegions:16
1, 27.013612480498420, 0.000007752722556, 27.013612480498420, 0.000007752722556 numRegions:32
2, 27.013612480481264, 0.000000079036087, 1.298711802343336, 0.000000000167627 numRegions:2
0, 2755980986.102149486541748, 950434527.334548950195312, 2755980986.102149486541748, 950434527.334548950195312 numRegions:64
1, 13432311939.472337722778320, 15152140153.990919113159180, 13432311939.472337722778320, 15152140153.990919113159180 numRegions:128
2, 13462887328.919742584228516, 7087323952.344317436218262, 13462887328.919742584228516, 7087323952.344317436218262 numRegions:256
3, 10725629691.089506149291992, 5568984577.469575881958008, 10725629691.089506149291992, 5568984577.469575881958008 numRegions:512
4, 9381907931.095422744750977, 6059188102.905616760253906, 9381907931.095422744750977, 6059188102.905616760253906 numRegions:1024
5, 7997745320.138785362243652, 8399781976.757142066955566, 7997745320.138785362243652, 8399781976.757142066955566 numRegions:2048
6, 5474406573.619195938110352, 3425132171.852866649627686, 5474406573.619195938110352, 3425132171.852866649627686 numRegions:4096
7, 5794275644.127568244934082, 1166658070.408870458602905, 5794275642.328221321105957, 1166658070.408869028091431 numRegions:8180
8, 5851307323.497876167297363, 716046216.568431615829468, 5851307232.746204376220703, 716046216.568361759185791 numRegions:16076
9, 5931817236.743945121765137, 728928588.068973541259766, 5931816014.031677246093750, 728928588.068046808242798 numRegions:30398
10, 5951831451.966903686523438, 461509492.907258272171021, 5951820142.041476249694824, 461509492.898867964744568 numRegions:54060
11, 5966917612.924022674560547, 352247689.590634167194366, 5966830580.328634262084961, 352247689.527522444725037 numRegions:88804
12, 5976190450.038261413574219, 364158942.709702074527740, 5975639135.071737289428711, 364158942.315673232078552 numRegions:133040
13, 5980510433.006890296936035, 183330480.939943671226501, 5977611422.895065307617188, 183330478.897185921669006 numRegions:180932
14, 5985693908.934237480163574, 153139145.256001293659210, 5972620421.862913131713867, 153139136.208050787448883 numRegions:224184
15, 5985958590.529249191284180, 108663508.320665493607521, 5936678602.186116218566895, 108663474.838680461049080 numRegions:257372
16, 5986214885.957951545715332, 50339480.747222483158112, 5824469325.995608329772949, 50339373.275253728032112 numRegions:277196
17, 5986240912.217541694641113, 31147736.079903043806553, 5549428627.713554382324219, 31147453.451973594725132 numRegions:282288
18, 5986238130.140675544738770, 26246887.783103276044130, 4961542375.879457473754883, 26246240.036010209470987 numRegions:270274
19, 5986237299.153766632080078, 30980648.336884718388319, 3957798490.513123512268066, 30979418.152777403593063 numRegions:237960
20, 5986237608.408828735351562, 14175297.068474464118481, 2696209614.921649932861328, 14173390.908113967627287 numRegions:185858
21, 5986237951.089591979980469, 14101037.745876897126436, 1636631640.778915405273438, 14098642.806826330721378 numRegions:123922
22, 5986238281.383975982666016, 4185896.102358585689217, 910770824.262997865676880, 4183183.932764607015997 numRegions:66498
23, 5986238486.022155761718750, 2060419.613089267397299, 443540609.986627340316772, 2057472.158361113863066 numRegions:26494
24, 5986238537.280403137207031, 1194059.847680422477424, 138072772.435962557792664, 1190955.509199980413541 numRegions:6788
25, 5986238537.344276428222656, 3301.014226425626021, 18805498.682944118976593, 150.445091051702065 numRegions:1070
===============================================================================
All tests passed (18 assertions in 1 test case)

<end of output>
Test time =   0.75 sec
----------------------------------------------------------
Test Passed.
"test_volume" end time: Oct 08 06:47 EDT
"test_volume" time elapsed: 00:00:00
----------------------------------------------------------

12/16 Testing: RegionSampling
12/16 Test: RegionSampling
Command: "/home/isaki001/numint/gpuintegration/cudaPagani/new_build/tests/RegionSampling"
Directory: /home/isaki001/numint/gpuintegration/cudaPagani/new_build/tests
"RegionSampling" start time: Oct 08 06:47 EDT
Output:
----------------------------------------------------------
===============================================================================
All tests passed (9 assertions in 3 test cases)

<end of output>
Test time =   0.39 sec
----------------------------------------------------------
Test Passed.
"RegionSampling" end time: Oct 08 06:47 EDT
"RegionSampling" time elapsed: 00:00:00
----------------------------------------------------------

13/16 Testing: FourthDividedDifference
13/16 Test: FourthDividedDifference
Command: "/home/isaki001/numint/gpuintegration/cudaPagani/new_build/tests/FourthDividedDifference"
Directory: /home/isaki001/numint/gpuintegration/cudaPagani/new_build/tests
"FourthDividedDifference" start time: Oct 08 06:47 EDT
Output:
----------------------------------------------------------
For Dim:0 Accessing index:18
For Dim:1 Accessing index:20
For Dim:2 Accessing index:22
For Dim:3 Accessing index:24
For Dim:4 Accessing index:26
For Dim:5 Accessing index:28
For Dim:6 Accessing index:30
For Dim:7 Accessing index:32
4 vs 4
For Dim:0 Accessing index:16
For Dim:1 Accessing index:18
For Dim:2 Accessing index:20
For Dim:3 Accessing index:22
For Dim:4 Accessing index:24
For Dim:5 Accessing index:26
For Dim:6 Accessing index:28
6 vs 6
For Dim:0 Accessing index:14
For Dim:1 Accessing index:16
For Dim:2 Accessing index:18
For Dim:3 Accessing index:20
For Dim:4 Accessing index:22
For Dim:5 Accessing index:24
5 vs 5
For Dim:0 Accessing index:12
For Dim:1 Accessing index:14
For Dim:2 Accessing index:16
For Dim:3 Accessing index:18
For Dim:4 Accessing index:20
4 vs 4
For Dim:0 Accessing index:10
For Dim:1 Accessing index:12
For Dim:2 Accessing index:14
For Dim:3 Accessing index:16
3 vs 3
For Dim:0 Accessing index:8
For Dim:1 Accessing index:10
For Dim:2 Accessing index:12
2 vs 2
For Dim:0 Accessing index:6
For Dim:1 Accessing index:8
1 vs 1
===============================================================================
All tests passed (7 assertions in 1 test case)

<end of output>
Test time =   0.04 sec
----------------------------------------------------------
Test Passed.
"FourthDividedDifference" end time: Oct 08 06:47 EDT
"FourthDividedDifference" time elapsed: 00:00:00
----------------------------------------------------------

14/16 Testing: Interpolation
14/16 Test: Interpolation
Command: "/home/isaki001/numint/gpuintegration/cudaPagani/new_build/tests/Interpolation"
Directory: /home/isaki001/numint/gpuintegration/cudaPagani/new_build/tests
"Interpolation" start time: Oct 08 06:47 EDT
Output:
----------------------------------------------------------
Filename:/home/isaki001/numint/gpuintegration/cudaPagani/tests/data/HMF_t.dump
Managed operator new invoked
===============================================================================
All tests passed (1 assertion in 1 test case)

<end of output>
Test time =   0.53 sec
----------------------------------------------------------
Test Passed.
"Interpolation" end time: Oct 08 06:47 EDT
"Interpolation" time elapsed: 00:00:00
----------------------------------------------------------

15/16 Testing: Interpolation1D
15/16 Test: Interpolation1D
Command: "/home/isaki001/numint/gpuintegration/cudaPagani/new_build/tests/Interpolation1D"
Directory: /home/isaki001/numint/gpuintegration/cudaPagani/new_build/tests
"Interpolation1D" start time: Oct 08 06:47 EDT
Output:
----------------------------------------------------------
===============================================================================
All tests passed (10 assertions in 2 test cases)

<end of output>
Test time =   0.40 sec
----------------------------------------------------------
Test Passed.
"Interpolation1D" end time: Oct 08 06:47 EDT
"Interpolation1D" time elapsed: 00:00:00
----------------------------------------------------------

16/16 Testing: Interpolation2D
16/16 Test: Interpolation2D
Command: "/home/isaki001/numint/gpuintegration/cudaPagani/new_build/tests/Interpolation2D"
Directory: /home/isaki001/numint/gpuintegration/cudaPagani/new_build/tests
"Interpolation2D" start time: Oct 08 06:47 EDT
Output:
----------------------------------------------------------
===============================================================================
All tests passed (34 assertions in 3 test cases)

<end of output>
Test time =   0.45 sec
----------------------------------------------------------
Test Passed.
"Interpolation2D" end time: Oct 08 06:47 EDT
"Interpolation2D" time elapsed: 00:00:00
----------------------------------------------------------

End testing: Oct 08 06:47 EDT
